<?xml version="1.0" encoding="UTF-8"?>
<testng-results skipped="0" failed="0" ignored="0" total="4" passed="4">
  <reporter-output>
  </reporter-output>
  <suite name="MultipleBrowser" duration-ms="147858" started-at="2018-08-28T22:55:20Z" finished-at="2018-08-28T22:57:48Z">
    <groups>
    </groups>
    <test name="SingleTest1" duration-ms="80028" started-at="2018-08-28T22:55:20Z" finished-at="2018-08-28T22:56:40Z">
      <class name="At_025.HomeWork9.FirstTest">
        <test-method status="PASS" signature="beforeTest(java.lang.String)[pri:0, instance:At_025.HomeWork9.FirstTest@402a079c]" name="beforeTest" is-config="true" duration-ms="7710" started-at="2018-08-28T22:55:20Z" finished-at="2018-08-28T22:55:28Z">
          <params>
            <param index="0">
              <value>
                <![CDATA[firefox]]>
              </value>
            </param>
          </params>
          <reporter-output>
          </reporter-output>
        </test-method> <!-- beforeTest -->
        <test-method status="PASS" signature="setup()[pri:0, instance:At_025.HomeWork9.FirstTest@402a079c]" name="setup" is-config="true" duration-ms="7827" started-at="2018-08-28T22:55:28Z" finished-at="2018-08-28T22:55:36Z">
          <reporter-output>
          </reporter-output>
        </test-method> <!-- setup -->
        <test-method status="PASS" signature="ResultIsEmpty()[pri:0, instance:At_025.HomeWork9.FirstTest@402a079c]" name="ResultIsEmpty" duration-ms="33983" started-at="2018-08-28T22:55:36Z" finished-at="2018-08-28T22:56:10Z">
          <reporter-output>
          </reporter-output>
        </test-method> <!-- ResultIsEmpty -->
        <test-method status="PASS" signature="tearDownTest()[pri:0, instance:At_025.HomeWork9.FirstTest@402a079c]" name="tearDownTest" is-config="true" duration-ms="4106" started-at="2018-08-28T22:56:10Z" finished-at="2018-08-28T22:56:14Z">
          <reporter-output>
          </reporter-output>
        </test-method> <!-- tearDownTest -->
        <test-method status="PASS" signature="setup()[pri:0, instance:At_025.HomeWork9.FirstTest@402a079c]" name="setup" is-config="true" duration-ms="4331" started-at="2018-08-28T22:56:14Z" finished-at="2018-08-28T22:56:18Z">
          <reporter-output>
          </reporter-output>
        </test-method> <!-- setup -->
        <test-method status="PASS" signature="ResultIsNotEmpty()[pri:0, instance:At_025.HomeWork9.FirstTest@402a079c]" name="ResultIsNotEmpty" duration-ms="16910" started-at="2018-08-28T22:56:18Z" finished-at="2018-08-28T22:56:35Z">
          <reporter-output>
          </reporter-output>
        </test-method> <!-- ResultIsNotEmpty -->
        <test-method status="PASS" signature="tearDownTest()[pri:0, instance:At_025.HomeWork9.FirstTest@402a079c]" name="tearDownTest" is-config="true" duration-ms="5128" started-at="2018-08-28T22:56:35Z" finished-at="2018-08-28T22:56:40Z">
          <reporter-output>
          </reporter-output>
        </test-method> <!-- tearDownTest -->
      </class> <!-- At_025.HomeWork9.FirstTest -->
    </test> <!-- SingleTest1 -->
    <test name="SingleTest2" duration-ms="67797" started-at="2018-08-28T22:56:40Z" finished-at="2018-08-28T22:57:48Z">
      <class name="At_025.HomeWork9.FirstTest">
        <test-method status="PASS" signature="beforeTest(java.lang.String)[pri:0, instance:At_025.HomeWork9.FirstTest@49993335]" name="beforeTest" is-config="true" duration-ms="2829" started-at="2018-08-28T22:56:40Z" finished-at="2018-08-28T22:56:43Z">
          <params>
            <param index="0">
              <value>
                <![CDATA[chrome]]>
              </value>
            </param>
          </params>
          <reporter-output>
          </reporter-output>
        </test-method> <!-- beforeTest -->
        <test-method status="PASS" signature="setup()[pri:0, instance:At_025.HomeWork9.FirstTest@49993335]" name="setup" is-config="true" duration-ms="3028" started-at="2018-08-28T22:56:43Z" finished-at="2018-08-28T22:56:46Z">
          <reporter-output>
          </reporter-output>
        </test-method> <!-- setup -->
        <test-method status="PASS" signature="ResultIsEmpty()[pri:0, instance:At_025.HomeWork9.FirstTest@49993335]" name="ResultIsEmpty" duration-ms="28758" started-at="2018-08-28T22:56:46Z" finished-at="2018-08-28T22:57:15Z">
          <reporter-output>
          </reporter-output>
        </test-method> <!-- ResultIsEmpty -->
        <test-method status="PASS" signature="tearDownTest()[pri:0, instance:At_025.HomeWork9.FirstTest@49993335]" name="tearDownTest" is-config="true" duration-ms="2953" started-at="2018-08-28T22:57:15Z" finished-at="2018-08-28T22:57:18Z">
          <reporter-output>
          </reporter-output>
        </test-method> <!-- tearDownTest -->
        <test-method status="PASS" signature="setup()[pri:0, instance:At_025.HomeWork9.FirstTest@49993335]" name="setup" is-config="true" duration-ms="3506" started-at="2018-08-28T22:57:18Z" finished-at="2018-08-28T22:57:21Z">
          <reporter-output>
          </reporter-output>
        </test-method> <!-- setup -->
        <test-method status="PASS" signature="ResultIsNotEmpty()[pri:0, instance:At_025.HomeWork9.FirstTest@49993335]" name="ResultIsNotEmpty" duration-ms="23407" started-at="2018-08-28T22:57:21Z" finished-at="2018-08-28T22:57:45Z">
          <reporter-output>
          </reporter-output>
        </test-method> <!-- ResultIsNotEmpty -->
        <test-method status="PASS" signature="tearDownTest()[pri:0, instance:At_025.HomeWork9.FirstTest@49993335]" name="tearDownTest" is-config="true" duration-ms="3309" started-at="2018-08-28T22:57:45Z" finished-at="2018-08-28T22:57:48Z">
          <reporter-output>
          </reporter-output>
        </test-method> <!-- tearDownTest -->
      </class> <!-- At_025.HomeWork9.FirstTest -->
    </test> <!-- SingleTest2 -->
  </suite> <!-- MultipleBrowser -->
</testng-results>
